<?xml version="1.0" encoding="UTF-8"?>
<!-- Generated by org.testng.reporters.JUnitReportReporter -->
<testsuite hostname="DESKTOP-LBOK8S4" failures="0" tests="3" name="com.testproject.Qkart.Class3_SearchValidationTest" time="11.382" errors="0" timestamp="2026-08-01T22:13:04 IST" skipped="0">
  <testcase classname="com.testproject.Qkart.Class3_SearchValidationTest" name="verifyURL" time="4.350"/>
  <testcase classname="com.testproject.Qkart.Class3_SearchValidationTest" name="verifyPageTitle" time="2.750"/>
  <testcase classname="com.testproject.Qkart.Class3_SearchValidationTest" name="verifySearchPlaceHolder" time="4.282"/>
</testsuite> <!-- com.testproject.Qkart.Class3_SearchValidationTest -->
