<?xml version="1.0" encoding="UTF-8"?>
<!-- Generated by org.testng.reporters.JUnitReportReporter -->
<testsuite hostname="DESKTOP-LBOK8S4" failures="0" tests="3" name="com.testproject.Qkart.Class1_UIValidationTest" time="15.301" errors="0" timestamp="2026-08-01T22:13:04 IST" skipped="0">
  <testcase classname="com.testproject.Qkart.Class1_UIValidationTest" name="verifyLoginButton" time="4.903"/>
  <testcase classname="com.testproject.Qkart.Class1_UIValidationTest" name="verifyRegisterButton" time="5.062"/>
  <testcase classname="com.testproject.Qkart.Class1_UIValidationTest" name="verifySearchTextBox" time="5.336"/>
</testsuite> <!-- com.testproject.Qkart.Class1_UIValidationTest -->
