<?xml version="1.0" encoding="UTF-8"?>
<!-- Generated by org.testng.reporters.JUnitReportReporter -->
<testsuite hostname="DESKTOP-LBOK8S4" failures="0" tests="3" name="com.testproject.Qkart.Class3_SearchValidationTest" time="8.359" errors="0" timestamp="2026-08-09T21:03:14 IST" skipped="0">
  <testcase classname="com.testproject.Qkart.Class3_SearchValidationTest" name="verifyPageTitle" time="2.954"/>
  <testcase classname="com.testproject.Qkart.Class3_SearchValidationTest" name="verifyURL" time="2.377"/>
  <testcase classname="com.testproject.Qkart.Class3_SearchValidationTest" name="verifySearchPlaceHolder" time="3.028"/>
</testsuite> <!-- com.testproject.Qkart.Class3_SearchValidationTest -->
