<?xml version="1.0" encoding="UTF-8"?>
<!-- Generated by org.testng.reporters.JUnitReportReporter -->
<testsuite hostname="DESKTOP-LBOK8S4" failures="0" tests="3" name="com.testproject.Qkart.Class1_UIValidationTest" time="9.194" errors="0" timestamp="2026-08-09T21:03:14 IST" skipped="0">
  <testcase classname="com.testproject.Qkart.Class1_UIValidationTest" name="verifySearchTextBox" time="3.031"/>
  <testcase classname="com.testproject.Qkart.Class1_UIValidationTest" name="verifyRegisterButton" time="2.400"/>
  <testcase classname="com.testproject.Qkart.Class1_UIValidationTest" name="verifyLoginButton" time="3.763"/>
</testsuite> <!-- com.testproject.Qkart.Class1_UIValidationTest -->
