<?xml version="1.0" encoding="UTF-8"?>
<!-- Generated by org.testng.reporters.JUnitReportReporter -->
<testsuite hostname="DESKTOP-LBOK8S4" failures="0" tests="2" name="com.testproject.Qkart.Class2_ImageLinkValidationTest" time="8.660" errors="0" timestamp="2026-08-01T22:13:04 IST" skipped="0">
  <testcase classname="com.testproject.Qkart.Class2_ImageLinkValidationTest" name="verifyTotalLinks" time="3.551"/>
  <testcase classname="com.testproject.Qkart.Class2_ImageLinkValidationTest" name="verifyTotalImages" time="5.109"/>
</testsuite> <!-- com.testproject.Qkart.Class2_ImageLinkValidationTest -->
