<?xml version="1.0" encoding="UTF-8"?>
<testng-results ignored="0" total="1" passed="1" failed="0" skipped="0">
  <reporter-output>
  </reporter-output>
  <suite started-at="2026-08-09T20:45:31 IST" name="Default suite" finished-at="2026-08-09T20:46:39 IST" duration-ms="68457">
    <groups>
    </groups>
    <test started-at="2026-08-09T20:45:31 IST" name="Default test" finished-at="2026-08-09T20:46:39 IST" duration-ms="68457">
      <class name="com.testproject.Qkart.Class5_AutomationScenarios">
        <test-method is-config="true" signature="setup()[pri:0, instance:com.testproject.Qkart.Class5_AutomationScenarios@8f4ea7c]" started-at="2026-08-09T20:45:31 IST" name="setup" finished-at="2026-08-09T20:45:34 IST" duration-ms="2975" status="PASS">
          <reporter-output>
          </reporter-output>
        </test-method> <!-- setup -->
        <test-method signature="verifyQkartAutomationScenarios()[pri:0, instance:com.testproject.Qkart.Class5_AutomationScenarios@8f4ea7c]" started-at="2026-08-09T20:45:34 IST" name="verifyQkartAutomationScenarios" finished-at="2026-08-09T20:46:39 IST" duration-ms="64944" status="PASS">
          <reporter-output>
          </reporter-output>
        </test-method> <!-- verifyQkartAutomationScenarios -->
        <test-method is-config="true" signature="teardown()[pri:0, instance:com.testproject.Qkart.Class5_AutomationScenarios@8f4ea7c]" started-at="2026-08-09T20:46:39 IST" name="teardown" finished-at="2026-08-09T20:46:39 IST" duration-ms="475" status="PASS">
          <reporter-output>
          </reporter-output>
        </test-method> <!-- teardown -->
      </class> <!-- com.testproject.Qkart.Class5_AutomationScenarios -->
    </test> <!-- Default test -->
  </suite> <!-- Default suite -->
</testng-results>
