<?xml version="1.0" encoding="UTF-8"?>
<!-- Generated by org.testng.reporters.JUnitXMLReporter -->
<testsuite ignored="0" hostname="DESKTOP-LBOK8S4" failures="0" tests="3" name="Default test" time="8.897" errors="0" timestamp="2026-08-01T21:07:21 IST">
  <testcase classname="com.testproject.Qkart.Class3_SearchValidationTest" name="verifyPageTitle" time="0.031"/>
  <testcase classname="com.testproject.Qkart.Class3_SearchValidationTest" name="verifySearchPlaceHolder" time="0.242"/>
  <testcase classname="com.testproject.Qkart.Class3_SearchValidationTest" name="verifyURL" time="0.026"/>
</testsuite> <!-- Default test -->
