<?xml version="1.0" encoding="UTF-8"?>
<!-- Generated by org.testng.reporters.JUnitXMLReporter -->
<testsuite ignored="0" hostname="DESKTOP-LBOK8S4" failures="0" tests="8" name="Surefire test" time="35.461" errors="0" timestamp="2026-08-01T22:13:04 IST">
  <testcase classname="com.testproject.Qkart.Class1_UIValidationTest" name="verifyLoginButton" time="1.239"/>
  <testcase classname="com.testproject.Qkart.Class1_UIValidationTest" name="verifyRegisterButton" time="0.374"/>
  <testcase classname="com.testproject.Qkart.Class1_UIValidationTest" name="verifySearchTextBox" time="0.317"/>
  <testcase classname="com.testproject.Qkart.Class2_ImageLinkValidationTest" name="verifyTotalImages" time="1.838"/>
  <testcase classname="com.testproject.Qkart.Class2_ImageLinkValidationTest" name="verifyTotalLinks" time="0.255"/>
  <testcase classname="com.testproject.Qkart.Class3_SearchValidationTest" name="verifyPageTitle" time="0.017"/>
  <testcase classname="com.testproject.Qkart.Class3_SearchValidationTest" name="verifySearchPlaceHolder" time="1.229"/>
  <testcase classname="com.testproject.Qkart.Class3_SearchValidationTest" name="verifyURL" time="0.803"/>
</testsuite> <!-- Surefire test -->
