<?xml version="1.0" encoding="UTF-8"?>
<!-- Generated by org.testng.reporters.JUnitXMLReporter -->
<testsuite ignored="0" hostname="DESKTOP-LBOK8S4" failures="0" tests="9" name="Surefire test" time="33.105" errors="0" timestamp="2026-08-09T21:03:13 IST">
  <testcase classname="com.testproject.Qkart.Class1_UIValidationTest" name="verifyLoginButton" time="0.947"/>
  <testcase classname="com.testproject.Qkart.Class1_UIValidationTest" name="verifyRegisterButton" time="0.062"/>
  <testcase classname="com.testproject.Qkart.Class1_UIValidationTest" name="verifySearchTextBox" time="0.051"/>
  <testcase classname="com.testproject.Qkart.Class2_ImageLinkValidationTest" name="verifyTotalImages" time="0.833"/>
  <testcase classname="com.testproject.Qkart.Class2_ImageLinkValidationTest" name="verifyTotalLinks" time="0.03"/>
  <testcase classname="com.testproject.Qkart.Class3_SearchValidationTest" name="verifyPageTitle" time="0.02"/>
  <testcase classname="com.testproject.Qkart.Class3_SearchValidationTest" name="verifySearchPlaceHolder" time="0.04"/>
  <testcase classname="com.testproject.Qkart.Class3_SearchValidationTest" name="verifyURL" time="0.01"/>
  <testcase classname="com.testproject.Qkart.Class4_LoginTest" name="verifyLoginAndLogOut" time="5.132"/>
</testsuite> <!-- Surefire test -->
