<?xml version="1.0" encoding="UTF-8"?>
<testng-results ignored="0" total="8" passed="8" failed="0" skipped="0">
  <reporter-output>
  </reporter-output>
  <suite started-at="2026-08-01T22:12:28 IST" name="Surefire suite" finished-at="2026-08-01T22:13:04 IST" duration-ms="35461">
    <groups>
    </groups>
    <test started-at="2026-08-01T22:12:28 IST" name="Surefire test" finished-at="2026-08-01T22:13:04 IST" duration-ms="35461">
      <class name="com.testproject.Qkart.Class3_SearchValidationTest">
        <test-method is-config="true" signature="setup()[pri:0, instance:com.testproject.Qkart.Class3_SearchValidationTest@7c469c48]" started-at="2026-08-01T22:12:52 IST" name="setup" finished-at="2026-08-01T22:12:55 IST" duration-ms="2758" status="PASS">
          <reporter-output>
          </reporter-output>
        </test-method> <!-- setup -->
        <test-method signature="verifyPageTitle()[pri:0, instance:com.testproject.Qkart.Class3_SearchValidationTest@7c469c48]" started-at="2026-08-01T22:12:55 IST" name="verifyPageTitle" finished-at="2026-08-01T22:12:55 IST" duration-ms="17" status="PASS">
          <reporter-output>
          </reporter-output>
        </test-method> <!-- verifyPageTitle -->
        <test-method is-config="true" signature="teardown()[pri:0, instance:com.testproject.Qkart.Class3_SearchValidationTest@7c469c48]" started-at="2026-08-01T22:12:55 IST" name="teardown" finished-at="2026-08-01T22:12:56 IST" duration-ms="936" status="PASS">
          <reporter-output>
          </reporter-output>
        </test-method> <!-- teardown -->
        <test-method is-config="true" signature="setup()[pri:0, instance:com.testproject.Qkart.Class3_SearchValidationTest@7c469c48]" started-at="2026-08-01T22:12:56 IST" name="setup" finished-at="2026-08-01T22:12:58 IST" duration-ms="2080" status="PASS">
          <reporter-output>
          </reporter-output>
        </test-method> <!-- setup -->
        <test-method signature="verifySearchPlaceHolder()[pri:0, instance:com.testproject.Qkart.Class3_SearchValidationTest@7c469c48]" started-at="2026-08-01T22:12:58 IST" name="verifySearchPlaceHolder" finished-at="2026-08-01T22:12:59 IST" duration-ms="1229" status="PASS">
          <reporter-output>
          </reporter-output>
        </test-method> <!-- verifySearchPlaceHolder -->
        <test-method is-config="true" signature="teardown()[pri:0, instance:com.testproject.Qkart.Class3_SearchValidationTest@7c469c48]" started-at="2026-08-01T22:12:59 IST" name="teardown" finished-at="2026-08-01T22:13:00 IST" duration-ms="653" status="PASS">
          <reporter-output>
          </reporter-output>
        </test-method> <!-- teardown -->
        <test-method is-config="true" signature="setup()[pri:0, instance:com.testproject.Qkart.Class3_SearchValidationTest@7c469c48]" started-at="2026-08-01T22:13:00 IST" name="setup" finished-at="2026-08-01T22:13:02 IST" duration-ms="2117" status="PASS">
          <reporter-output>
          </reporter-output>
        </test-method> <!-- setup -->
        <test-method signature="verifyURL()[pri:0, instance:com.testproject.Qkart.Class3_SearchValidationTest@7c469c48]" started-at="2026-08-01T22:13:02 IST" name="verifyURL" finished-at="2026-08-01T22:13:03 IST" duration-ms="803" status="PASS">
          <reporter-output>
          </reporter-output>
        </test-method> <!-- verifyURL -->
        <test-method is-config="true" signature="teardown()[pri:0, instance:com.testproject.Qkart.Class3_SearchValidationTest@7c469c48]" started-at="2026-08-01T22:13:03 IST" name="teardown" finished-at="2026-08-01T22:13:04 IST" duration-ms="789" status="PASS">
          <reporter-output>
          </reporter-output>
        </test-method> <!-- teardown -->
      </class> <!-- com.testproject.Qkart.Class3_SearchValidationTest -->
      <class name="com.testproject.Qkart.Class1_UIValidationTest">
        <test-method is-config="true" signature="setup()[pri:0, instance:com.testproject.Qkart.Class1_UIValidationTest@1ffe63b9]" started-at="2026-08-01T22:12:28 IST" name="setup" finished-at="2026-08-01T22:12:32 IST" duration-ms="4306" status="PASS">
          <reporter-output>
          </reporter-output>
        </test-method> <!-- setup -->
        <test-method signature="verifyLoginButton()[pri:0, instance:com.testproject.Qkart.Class1_UIValidationTest@1ffe63b9]" started-at="2026-08-01T22:12:32 IST" name="verifyLoginButton" finished-at="2026-08-01T22:12:34 IST" duration-ms="1239" status="PASS">
          <reporter-output>
          </reporter-output>
        </test-method> <!-- verifyLoginButton -->
        <test-method is-config="true" signature="teardown()[pri:0, instance:com.testproject.Qkart.Class1_UIValidationTest@1ffe63b9]" started-at="2026-08-01T22:12:34 IST" name="teardown" finished-at="2026-08-01T22:12:35 IST" duration-ms="1235" status="PASS">
          <reporter-output>
          </reporter-output>
        </test-method> <!-- teardown -->
        <test-method is-config="true" signature="setup()[pri:0, instance:com.testproject.Qkart.Class1_UIValidationTest@1ffe63b9]" started-at="2026-08-01T22:12:35 IST" name="setup" finished-at="2026-08-01T22:12:38 IST" duration-ms="3453" status="PASS">
          <reporter-output>
          </reporter-output>
        </test-method> <!-- setup -->
        <test-method signature="verifyRegisterButton()[pri:0, instance:com.testproject.Qkart.Class1_UIValidationTest@1ffe63b9]" started-at="2026-08-01T22:12:38 IST" name="verifyRegisterButton" finished-at="2026-08-01T22:12:39 IST" duration-ms="374" status="PASS">
          <reporter-output>
          </reporter-output>
        </test-method> <!-- verifyRegisterButton -->
        <test-method is-config="true" signature="teardown()[pri:0, instance:com.testproject.Qkart.Class1_UIValidationTest@1ffe63b9]" started-at="2026-08-01T22:12:39 IST" name="teardown" finished-at="2026-08-01T22:12:39 IST" duration-ms="713" status="PASS">
          <reporter-output>
          </reporter-output>
        </test-method> <!-- teardown -->
        <test-method is-config="true" signature="setup()[pri:0, instance:com.testproject.Qkart.Class1_UIValidationTest@1ffe63b9]" started-at="2026-08-01T22:12:39 IST" name="setup" finished-at="2026-08-01T22:12:42 IST" duration-ms="3015" status="PASS">
          <reporter-output>
          </reporter-output>
        </test-method> <!-- setup -->
        <test-method signature="verifySearchTextBox()[pri:0, instance:com.testproject.Qkart.Class1_UIValidationTest@1ffe63b9]" started-at="2026-08-01T22:12:42 IST" name="verifySearchTextBox" finished-at="2026-08-01T22:12:43 IST" duration-ms="317" status="PASS">
          <reporter-output>
          </reporter-output>
        </test-method> <!-- verifySearchTextBox -->
        <test-method is-config="true" signature="teardown()[pri:0, instance:com.testproject.Qkart.Class1_UIValidationTest@1ffe63b9]" started-at="2026-08-01T22:12:43 IST" name="teardown" finished-at="2026-08-01T22:12:43 IST" duration-ms="649" status="PASS">
          <reporter-output>
          </reporter-output>
        </test-method> <!-- teardown -->
      </class> <!-- com.testproject.Qkart.Class1_UIValidationTest -->
      <class name="com.testproject.Qkart.Class2_ImageLinkValidationTest">
        <test-method is-config="true" signature="setup()[pri:0, instance:com.testproject.Qkart.Class2_ImageLinkValidationTest@51e5fc98]" started-at="2026-08-01T22:12:43 IST" name="setup" finished-at="2026-08-01T22:12:46 IST" duration-ms="2725" status="PASS">
          <reporter-output>
          </reporter-output>
        </test-method> <!-- setup -->
        <test-method signature="verifyTotalImages()[pri:0, instance:com.testproject.Qkart.Class2_ImageLinkValidationTest@51e5fc98]" started-at="2026-08-01T22:12:46 IST" name="verifyTotalImages" finished-at="2026-08-01T22:12:48 IST" duration-ms="1838" status="PASS">
          <reporter-output>
          </reporter-output>
        </test-method> <!-- verifyTotalImages -->
        <test-method is-config="true" signature="teardown()[pri:0, instance:com.testproject.Qkart.Class2_ImageLinkValidationTest@51e5fc98]" started-at="2026-08-01T22:12:48 IST" name="teardown" finished-at="2026-08-01T22:12:49 IST" duration-ms="592" status="PASS">
          <reporter-output>
          </reporter-output>
        </test-method> <!-- teardown -->
        <test-method is-config="true" signature="setup()[pri:0, instance:com.testproject.Qkart.Class2_ImageLinkValidationTest@51e5fc98]" started-at="2026-08-01T22:12:49 IST" name="setup" finished-at="2026-08-01T22:12:51 IST" duration-ms="2704" status="PASS">
          <reporter-output>
          </reporter-output>
        </test-method> <!-- setup -->
        <test-method signature="verifyTotalLinks()[pri:0, instance:com.testproject.Qkart.Class2_ImageLinkValidationTest@51e5fc98]" started-at="2026-08-01T22:12:51 IST" name="verifyTotalLinks" finished-at="2026-08-01T22:12:52 IST" duration-ms="255" status="PASS">
          <reporter-output>
          </reporter-output>
        </test-method> <!-- verifyTotalLinks -->
        <test-method is-config="true" signature="teardown()[pri:0, instance:com.testproject.Qkart.Class2_ImageLinkValidationTest@51e5fc98]" started-at="2026-08-01T22:12:52 IST" name="teardown" finished-at="2026-08-01T22:12:52 IST" duration-ms="546" status="PASS">
          <reporter-output>
          </reporter-output>
        </test-method> <!-- teardown -->
      </class> <!-- com.testproject.Qkart.Class2_ImageLinkValidationTest -->
    </test> <!-- Surefire test -->
  </suite> <!-- Surefire suite -->
</testng-results>
