<?xml version="1.0" encoding="UTF-8"?>
<testng-results ignored="0" total="9" passed="9" failed="0" skipped="0">
  <reporter-output>
  </reporter-output>
  <suite started-at="2026-08-09T21:02:40 IST" name="Surefire suite" finished-at="2026-08-09T21:03:13 IST" duration-ms="33105">
    <groups>
    </groups>
    <test started-at="2026-08-09T21:02:40 IST" name="Surefire test" finished-at="2026-08-09T21:03:13 IST" duration-ms="33105">
      <class name="com.testproject.Qkart.Class3_SearchValidationTest">
        <test-method is-config="true" signature="setup()[pri:0, instance:com.testproject.Qkart.Class3_SearchValidationTest@1677d1]" started-at="2026-08-09T21:02:57 IST" name="setup" finished-at="2026-08-09T21:02:59 IST" duration-ms="2719" status="PASS">
          <reporter-output>
          </reporter-output>
        </test-method> <!-- setup -->
        <test-method signature="verifyPageTitle()[pri:0, instance:com.testproject.Qkart.Class3_SearchValidationTest@1677d1]" started-at="2026-08-09T21:02:59 IST" name="verifyPageTitle" finished-at="2026-08-09T21:02:59 IST" duration-ms="20" status="PASS">
          <reporter-output>
          </reporter-output>
        </test-method> <!-- verifyPageTitle -->
        <test-method is-config="true" signature="teardown()[pri:0, instance:com.testproject.Qkart.Class3_SearchValidationTest@1677d1]" started-at="2026-08-09T21:02:59 IST" name="teardown" finished-at="2026-08-09T21:03:00 IST" duration-ms="303" status="PASS">
          <reporter-output>
          </reporter-output>
        </test-method> <!-- teardown -->
        <test-method is-config="true" signature="setup()[pri:0, instance:com.testproject.Qkart.Class3_SearchValidationTest@1677d1]" started-at="2026-08-09T21:03:00 IST" name="setup" finished-at="2026-08-09T21:03:02 IST" duration-ms="2674" status="PASS">
          <reporter-output>
          </reporter-output>
        </test-method> <!-- setup -->
        <test-method signature="verifySearchPlaceHolder()[pri:0, instance:com.testproject.Qkart.Class3_SearchValidationTest@1677d1]" started-at="2026-08-09T21:03:02 IST" name="verifySearchPlaceHolder" finished-at="2026-08-09T21:03:03 IST" duration-ms="40" status="PASS">
          <reporter-output>
          </reporter-output>
        </test-method> <!-- verifySearchPlaceHolder -->
        <test-method is-config="true" signature="teardown()[pri:0, instance:com.testproject.Qkart.Class3_SearchValidationTest@1677d1]" started-at="2026-08-09T21:03:03 IST" name="teardown" finished-at="2026-08-09T21:03:03 IST" duration-ms="215" status="PASS">
          <reporter-output>
          </reporter-output>
        </test-method> <!-- teardown -->
        <test-method is-config="true" signature="setup()[pri:0, instance:com.testproject.Qkart.Class3_SearchValidationTest@1677d1]" started-at="2026-08-09T21:03:03 IST" name="setup" finished-at="2026-08-09T21:03:05 IST" duration-ms="2064" status="PASS">
          <reporter-output>
          </reporter-output>
        </test-method> <!-- setup -->
        <test-method signature="verifyURL()[pri:0, instance:com.testproject.Qkart.Class3_SearchValidationTest@1677d1]" started-at="2026-08-09T21:03:05 IST" name="verifyURL" finished-at="2026-08-09T21:03:05 IST" duration-ms="10" status="PASS">
          <reporter-output>
          </reporter-output>
        </test-method> <!-- verifyURL -->
        <test-method is-config="true" signature="teardown()[pri:0, instance:com.testproject.Qkart.Class3_SearchValidationTest@1677d1]" started-at="2026-08-09T21:03:05 IST" name="teardown" finished-at="2026-08-09T21:03:05 IST" duration-ms="314" status="PASS">
          <reporter-output>
          </reporter-output>
        </test-method> <!-- teardown -->
      </class> <!-- com.testproject.Qkart.Class3_SearchValidationTest -->
      <class name="com.testproject.Qkart.Class1_UIValidationTest">
        <test-method is-config="true" signature="setup()[pri:0, instance:com.testproject.Qkart.Class1_UIValidationTest@12e61fe6]" started-at="2026-08-09T21:02:40 IST" name="setup" finished-at="2026-08-09T21:02:42 IST" duration-ms="2006" status="PASS">
          <reporter-output>
          </reporter-output>
        </test-method> <!-- setup -->
        <test-method signature="verifyLoginButton()[pri:0, instance:com.testproject.Qkart.Class1_UIValidationTest@12e61fe6]" started-at="2026-08-09T21:02:42 IST" name="verifyLoginButton" finished-at="2026-08-09T21:02:43 IST" duration-ms="947" status="PASS">
          <reporter-output>
          </reporter-output>
        </test-method> <!-- verifyLoginButton -->
        <test-method is-config="true" signature="teardown()[pri:0, instance:com.testproject.Qkart.Class1_UIValidationTest@12e61fe6]" started-at="2026-08-09T21:02:43 IST" name="teardown" finished-at="2026-08-09T21:02:44 IST" duration-ms="320" status="PASS">
          <reporter-output>
          </reporter-output>
        </test-method> <!-- teardown -->
        <test-method is-config="true" signature="setup()[pri:0, instance:com.testproject.Qkart.Class1_UIValidationTest@12e61fe6]" started-at="2026-08-09T21:02:44 IST" name="setup" finished-at="2026-08-09T21:02:46 IST" duration-ms="2563" status="PASS">
          <reporter-output>
          </reporter-output>
        </test-method> <!-- setup -->
        <test-method signature="verifyRegisterButton()[pri:0, instance:com.testproject.Qkart.Class1_UIValidationTest@12e61fe6]" started-at="2026-08-09T21:02:46 IST" name="verifyRegisterButton" finished-at="2026-08-09T21:02:46 IST" duration-ms="62" status="PASS">
          <reporter-output>
          </reporter-output>
        </test-method> <!-- verifyRegisterButton -->
        <test-method is-config="true" signature="teardown()[pri:0, instance:com.testproject.Qkart.Class1_UIValidationTest@12e61fe6]" started-at="2026-08-09T21:02:46 IST" name="teardown" finished-at="2026-08-09T21:02:47 IST" duration-ms="332" status="PASS">
          <reporter-output>
          </reporter-output>
        </test-method> <!-- teardown -->
        <test-method is-config="true" signature="setup()[pri:0, instance:com.testproject.Qkart.Class1_UIValidationTest@12e61fe6]" started-at="2026-08-09T21:02:47 IST" name="setup" finished-at="2026-08-09T21:02:49 IST" duration-ms="2660" status="PASS">
          <reporter-output>
          </reporter-output>
        </test-method> <!-- setup -->
        <test-method signature="verifySearchTextBox()[pri:0, instance:com.testproject.Qkart.Class1_UIValidationTest@12e61fe6]" started-at="2026-08-09T21:02:49 IST" name="verifySearchTextBox" finished-at="2026-08-09T21:02:49 IST" duration-ms="51" status="PASS">
          <reporter-output>
          </reporter-output>
        </test-method> <!-- verifySearchTextBox -->
        <test-method is-config="true" signature="teardown()[pri:0, instance:com.testproject.Qkart.Class1_UIValidationTest@12e61fe6]" started-at="2026-08-09T21:02:49 IST" name="teardown" finished-at="2026-08-09T21:02:50 IST" duration-ms="253" status="PASS">
          <reporter-output>
          </reporter-output>
        </test-method> <!-- teardown -->
      </class> <!-- com.testproject.Qkart.Class1_UIValidationTest -->
      <class name="com.testproject.Qkart.Class4_LoginTest">
        <test-method is-config="true" signature="setup()[pri:0, instance:com.testproject.Qkart.Class4_LoginTest@48fa0f47]" started-at="2026-08-09T21:03:05 IST" name="setup" finished-at="2026-08-09T21:03:08 IST" duration-ms="2864" status="PASS">
          <reporter-output>
          </reporter-output>
        </test-method> <!-- setup -->
        <test-method signature="verifyLoginAndLogOut()[pri:0, instance:com.testproject.Qkart.Class4_LoginTest@48fa0f47]" started-at="2026-08-09T21:03:08 IST" name="verifyLoginAndLogOut" finished-at="2026-08-09T21:03:13 IST" duration-ms="5132" status="PASS">
          <reporter-output>
          </reporter-output>
        </test-method> <!-- verifyLoginAndLogOut -->
        <test-method is-config="true" signature="teardown()[pri:0, instance:com.testproject.Qkart.Class4_LoginTest@48fa0f47]" started-at="2026-08-09T21:03:13 IST" name="teardown" finished-at="2026-08-09T21:03:13 IST" duration-ms="355" status="PASS">
          <reporter-output>
          </reporter-output>
        </test-method> <!-- teardown -->
      </class> <!-- com.testproject.Qkart.Class4_LoginTest -->
      <class name="com.testproject.Qkart.Class2_ImageLinkValidationTest">
        <test-method is-config="true" signature="setup()[pri:0, instance:com.testproject.Qkart.Class2_ImageLinkValidationTest@7ee955a8]" started-at="2026-08-09T21:02:50 IST" name="setup" finished-at="2026-08-09T21:02:52 IST" duration-ms="2791" status="PASS">
          <reporter-output>
          </reporter-output>
        </test-method> <!-- setup -->
        <test-method signature="verifyTotalImages()[pri:0, instance:com.testproject.Qkart.Class2_ImageLinkValidationTest@7ee955a8]" started-at="2026-08-09T21:02:52 IST" name="verifyTotalImages" finished-at="2026-08-09T21:02:53 IST" duration-ms="833" status="PASS">
          <reporter-output>
          </reporter-output>
        </test-method> <!-- verifyTotalImages -->
        <test-method is-config="true" signature="teardown()[pri:0, instance:com.testproject.Qkart.Class2_ImageLinkValidationTest@7ee955a8]" started-at="2026-08-09T21:02:53 IST" name="teardown" finished-at="2026-08-09T21:02:54 IST" duration-ms="295" status="PASS">
          <reporter-output>
          </reporter-output>
        </test-method> <!-- teardown -->
        <test-method is-config="true" signature="setup()[pri:0, instance:com.testproject.Qkart.Class2_ImageLinkValidationTest@7ee955a8]" started-at="2026-08-09T21:02:54 IST" name="setup" finished-at="2026-08-09T21:02:56 IST" duration-ms="2931" status="PASS">
          <reporter-output>
          </reporter-output>
        </test-method> <!-- setup -->
        <test-method signature="verifyTotalLinks()[pri:0, instance:com.testproject.Qkart.Class2_ImageLinkValidationTest@7ee955a8]" started-at="2026-08-09T21:02:56 IST" name="verifyTotalLinks" finished-at="2026-08-09T21:02:57 IST" duration-ms="30" status="PASS">
          <reporter-output>
          </reporter-output>
        </test-method> <!-- verifyTotalLinks -->
        <test-method is-config="true" signature="teardown()[pri:0, instance:com.testproject.Qkart.Class2_ImageLinkValidationTest@7ee955a8]" started-at="2026-08-09T21:02:57 IST" name="teardown" finished-at="2026-08-09T21:02:57 IST" duration-ms="229" status="PASS">
          <reporter-output>
          </reporter-output>
        </test-method> <!-- teardown -->
      </class> <!-- com.testproject.Qkart.Class2_ImageLinkValidationTest -->
    </test> <!-- Surefire test -->
  </suite> <!-- Surefire suite -->
</testng-results>
