<?xml version="1.0" encoding="UTF-8"?>
<testng-results ignored="0" total="1" passed="1" failed="0" skipped="0">
  <reporter-output>
  </reporter-output>
  <suite started-at="2026-09-12T20:59:36 IST" name="Default suite" finished-at="2026-09-12T21:01:27 IST" duration-ms="111241">
    <groups>
    </groups>
    <test started-at="2026-09-12T20:59:36 IST" name="Default test" finished-at="2026-09-12T21:01:27 IST" duration-ms="111241">
      <class name="com.testproject.ECommerceWebsite.CromaAddToCartTest">
        <test-method is-config="true" signature="setup(java.lang.reflect.Method)[pri:0, instance:com.testproject.ECommerceWebsite.CromaAddToCartTest@4116aac9]" started-at="2026-09-12T20:59:36 IST" name="setup" finished-at="2026-09-12T21:00:17 IST" duration-ms="40585" status="PASS">
          <params>
            <param index="0">
              <value>
                <![CDATA[public void com.testproject.ECommerceWebsite.CromaAddToCartTest.testAddProductToCart()]]>
              </value>
            </param>
          </params>
          <reporter-output>
          </reporter-output>
        </test-method> <!-- setup -->
        <test-method signature="testAddProductToCart()[pri:0, instance:com.testproject.ECommerceWebsite.CromaAddToCartTest@4116aac9]" started-at="2026-09-12T21:00:17 IST" name="testAddProductToCart" finished-at="2026-09-12T21:01:27 IST" duration-ms="69995" status="PASS">
          <reporter-output>
          </reporter-output>
        </test-method> <!-- testAddProductToCart -->
        <test-method is-config="true" signature="teardown(org.testng.ITestResult)[pri:0, instance:com.testproject.ECommerceWebsite.CromaAddToCartTest@4116aac9]" started-at="2026-09-12T21:01:27 IST" name="teardown" finished-at="2026-09-12T21:01:27 IST" duration-ms="595" status="PASS">
          <params>
            <param index="0">
              <value>
                <![CDATA[[TestResult name=testAddProductToCart status=SUCCESS method=CromaAddToCartTest.testAddProductToCart()[pri:0, instance:com.testproject.ECommerceWebsite.CromaAddToCartTest@4116aac9] output={null}]]]>
              </value>
            </param>
          </params>
          <reporter-output>
          </reporter-output>
        </test-method> <!-- teardown -->
      </class> <!-- com.testproject.ECommerceWebsite.CromaAddToCartTest -->
    </test> <!-- Default test -->
  </suite> <!-- Default suite -->
</testng-results>
