<?xml version="1.0" encoding="UTF-8"?>
<!-- Generated by org.testng.reporters.JUnitReportReporter -->
<testsuite hostname="DESKTOP-LBOK8S4" failures="0" tests="3" name="com.testproject.Qkart.Class3_SearchValidationTest" time="8.816" errors="0" timestamp="2026-08-01T21:07:21 IST" skipped="0">
  <testcase classname="com.testproject.Qkart.Class3_SearchValidationTest" name="verifyURL" time="2.486"/>
  <testcase classname="com.testproject.Qkart.Class3_SearchValidationTest" name="verifyPageTitle" time="3.384"/>
  <testcase classname="com.testproject.Qkart.Class3_SearchValidationTest" name="verifySearchPlaceHolder" time="2.946"/>
</testsuite> <!-- com.testproject.Qkart.Class3_SearchValidationTest -->
