<?xml version="1.0" encoding="UTF-8"?>
<!-- Generated by org.testng.reporters.JUnitReportReporter -->
<testsuite hostname="DESKTOP-LBOK8S4" failures="0" tests="3" name="com.testproject.Qkart.Class1_UIValidationTest" time="10.902" errors="0" timestamp="2026-08-01T20:33:41 IST" skipped="0">
  <testcase classname="com.testproject.Qkart.Class1_UIValidationTest" name="verifyLoginButton" time="2.734"/>
  <testcase classname="com.testproject.Qkart.Class1_UIValidationTest" name="verifySearchTextBox" time="4.952"/>
  <testcase classname="com.testproject.Qkart.Class1_UIValidationTest" name="verifyRegisterButton" time="3.216"/>
</testsuite> <!-- com.testproject.Qkart.Class1_UIValidationTest -->
